<?xml version="1.0" encoding="UTF-8"?>
<!-- Generated by org.testng.reporters.JUnitReportReporter -->
<testsuite hostname="LAPTOP-389FLDCD" failures="0" tests="1" name="windowhandles.windows" time="43.917" errors="0" timestamp="2024-08-13T15:13:44 EDT" skipped="0">
  <testcase classname="windowhandles.windows" name="newwindowtesting" time="43.917"/>
</testsuite> <!-- windowhandles.windows -->
