<?xml version="1.0" encoding="UTF-8"?>
<!-- Generated by org.testng.reporters.JUnitReportReporter -->
<testsuite hostname="LAPTOP-389FLDCD" failures="0" tests="1" name="windowhandles.Scanner" time="6.556" errors="0" timestamp="2024-10-31T23:46:54 EDT" skipped="0">
  <testcase classname="windowhandles.Scanner" name="textInput" time="6.556"/>
</testsuite> <!-- windowhandles.Scanner -->
