<?xml version="1.0" encoding="UTF-8"?>
<!-- Generated by org.testng.reporters.JUnitReportReporter -->
<testsuite hostname="LAPTOP-389FLDCD" failures="0" tests="1" name="regchurch.registerchurch.Google" time="34.930" errors="0" timestamp="2025-02-18T13:36:53 EST" skipped="0">
  <testcase classname="regchurch.registerchurch.Google" name="dropdowns" time="34.930"/>
</testsuite> <!-- regchurch.registerchurch.Google -->
