<?xml version="1.0" encoding="UTF-8"?>
<!-- Generated by org.testng.reporters.JUnitReportReporter -->
<testsuite hostname="LAPTOP-389FLDCD" failures="0" tests="4" name="regchurch.registerchurch.AlertTesting" time="18.551" errors="0" timestamp="2024-08-06T15:03:04 EDT" skipped="0">
  <testcase classname="regchurch.registerchurch.AlertTesting" name="alertyes" time="1.612"/>
  <testcase classname="regchurch.registerchurch.AlertTesting" name="alertno" time="3.455"/>
  <testcase classname="regchurch.registerchurch.AlertTesting" name="mouseaction" time="5.247"/>
  <testcase classname="regchurch.registerchurch.AlertTesting" name="newwindow" time="8.237"/>
</testsuite> <!-- regchurch.registerchurch.AlertTesting -->
