<?xml version="1.0" encoding="UTF-8"?>
<!-- Generated by org.testng.reporters.JUnitReportReporter -->
<testsuite hostname="LAPTOP-389FLDCD" failures="0" tests="1" name="regchurch.registerchurch.excelpoi" time="1.202" errors="0" timestamp="2024-09-19T15:26:35 EDT" skipped="0">
  <testcase classname="regchurch.registerchurch.excelpoi" name="excelpoitesting" time="1.202"/>
</testsuite> <!-- regchurch.registerchurch.excelpoi -->
