<?xml version="1.0" encoding="UTF-8"?>
<!-- Generated by org.testng.reporters.JUnitReportReporter -->
<testsuite hostname="LAPTOP-389FLDCD" failures="0" tests="1" name="forDTCC.PracticeAutomation" time="3.050" errors="0" timestamp="2025-01-14T11:40:52 EST" skipped="0">
  <testcase classname="forDTCC.PracticeAutomation" name="dropDownList" time="3.050"/>
</testsuite> <!-- forDTCC.PracticeAutomation -->
