<?xml version="1.0" encoding="UTF-8"?>
<!-- Generated by org.testng.reporters.JUnitReportReporter -->
<testsuite hostname="LAPTOP-389FLDCD" failures="0" tests="1" name="regchurch.registerchurch.JavaPrograms" time="9.267" errors="0" timestamp="2025-01-14T23:10:26 EST" skipped="0">
  <testcase classname="regchurch.registerchurch.JavaPrograms" name="calendarAgain" time="9.267"/>
</testsuite> <!-- regchurch.registerchurch.JavaPrograms -->
