<?xml version="1.0" encoding="UTF-8"?>
<!-- Generated by org.testng.reporters.JUnitReportReporter -->
<testsuite hostname="LAPTOP-389FLDCD" failures="0" tests="1" name="forDTCC.PrintDataTable" time="27.394" errors="0" timestamp="2025-01-15T11:13:28 EST" skipped="0">
  <testcase classname="forDTCC.PrintDataTable" name="uploadFile" time="27.394"/>
</testsuite> <!-- forDTCC.PrintDataTable -->
